2026-04-23T11:04:23+02:00 ATTEMPT session=1vsh5kr7po957ght2v166qrdjc email=richellemik16@gmail.com
2026-04-23T11:04:24+02:00 RESULT session=1vsh5kr7po957ght2v166qrdjc email=richellemik16@gmail.com user_found=1 is_hashed=1 valid=0
2026-04-23T11:04:30+02:00 ATTEMPT session=1vsh5kr7po957ght2v166qrdjc email=richvioleta16@gmail.com
2026-04-23T11:04:31+02:00 RESULT session=1vsh5kr7po957ght2v166qrdjc email=richvioleta16@gmail.com user_found=1 is_hashed=1 valid=1
2026-04-23T11:04:47+02:00 ATTEMPT session=e06vbq592b80h4qum9v5npkq9u email=luminoussmiles@gmail.com
2026-04-23T11:04:47+02:00 RESULT session=e06vbq592b80h4qum9v5npkq9u email=luminoussmiles@gmail.com user_found=0 is_hashed=0 valid=0
2026-04-23T11:04:56+02:00 ATTEMPT session=e06vbq592b80h4qum9v5npkq9u email=luminoussmiles@gmail.com
2026-04-23T11:04:56+02:00 RESULT session=e06vbq592b80h4qum9v5npkq9u email=luminoussmiles@gmail.com user_found=0 is_hashed=0 valid=0
2026-04-23T11:05:11+02:00 ATTEMPT session=e06vbq592b80h4qum9v5npkq9u email=luminoussmiles@gmail.com
2026-04-23T11:05:11+02:00 RESULT session=e06vbq592b80h4qum9v5npkq9u email=luminoussmiles@gmail.com user_found=0 is_hashed=0 valid=0
2026-04-23T11:05:31+02:00 ATTEMPT session=e06vbq592b80h4qum9v5npkq9u email=luminoussmilesrk@gmail.com
2026-04-23T11:05:31+02:00 RESULT session=e06vbq592b80h4qum9v5npkq9u email=luminoussmilesrk@gmail.com user_found=1 is_hashed=1 valid=1
2026-04-23T11:19:59+02:00 ATTEMPT session=4dafjirocffp959n1hiq40emfp email=richvioleta16@gmail.com
2026-04-23T11:19:59+02:00 RESULT session=4dafjirocffp959n1hiq40emfp email=richvioleta16@gmail.com user_found=1 is_hashed=1 valid=0
2026-04-23T11:20:08+02:00 ATTEMPT session=4dafjirocffp959n1hiq40emfp email=richellemik16@gmail.com
2026-04-23T11:20:08+02:00 RESULT session=4dafjirocffp959n1hiq40emfp email=richellemik16@gmail.com user_found=1 is_hashed=1 valid=1
2026-04-23T11:31:26+02:00 ATTEMPT session=v9tbgj428dvv9f4s2g7k1lvokh email=richellemik16@gmail.com
2026-04-23T11:31:26+02:00 RESULT session=v9tbgj428dvv9f4s2g7k1lvokh email=richellemik16@gmail.com user_found=1 is_hashed=1 valid=1
2026-04-27T02:42:25+02:00 ATTEMPT session=mckli1q0b4lra3s49f7qnhnvp1 email=richellemik16@gmail.com
2026-04-27T02:42:25+02:00 RESULT session=mckli1q0b4lra3s49f7qnhnvp1 email=richellemik16@gmail.com user_found=1 is_hashed=1 valid=1
2026-04-27T03:07:44+02:00 ATTEMPT session=3lmu9e6ommahdvgqratluh8upq email=richvioleta16@gmail.com
2026-04-27T03:07:44+02:00 RESULT session=3lmu9e6ommahdvgqratluh8upq email=richvioleta16@gmail.com user_found=1 is_hashed=1 valid=1
2026-04-27T03:08:58+02:00 ATTEMPT session=jjl5qdtkkoir2hu502pjatl2jn email=richellemik16@gmail.com
2026-04-27T03:08:58+02:00 RESULT session=jjl5qdtkkoir2hu502pjatl2jn email=richellemik16@gmail.com user_found=1 is_hashed=1 valid=1
2026-04-27T04:24:22+02:00 ATTEMPT session=tbkuokrdij2aq3b76e31o6fnce email=richellemik16@gmail.com
2026-04-27T04:24:22+02:00 RESULT session=tbkuokrdij2aq3b76e31o6fnce email=richellemik16@gmail.com user_found=1 is_hashed=1 valid=1
2026-04-27T04:53:22+02:00 ATTEMPT session=bqh31ccmsg2s156v3ha5k7j6ah email=richellemik16@gmail.com
2026-04-27T04:53:22+02:00 RESULT session=bqh31ccmsg2s156v3ha5k7j6ah email=richellemik16@gmail.com user_found=1 is_hashed=1 valid=1
2026-04-27T05:12:30+02:00 ATTEMPT session=pbav9bl69697hem5spon3no3ae email=richellemik16@gmail.com
2026-04-27T05:12:30+02:00 RESULT session=pbav9bl69697hem5spon3no3ae email=richellemik16@gmail.com user_found=1 is_hashed=1 valid=0
2026-04-27T05:13:31+02:00 ATTEMPT session=pbav9bl69697hem5spon3no3ae email=richellemik16@gmail.com
2026-04-27T05:13:31+02:00 RESULT session=pbav9bl69697hem5spon3no3ae email=richellemik16@gmail.com user_found=1 is_hashed=1 valid=1
2026-04-27T05:16:58+02:00 ATTEMPT session=3lmu9e6ommahdvgqratluh8upq email=richvioleta16@gmail.com
2026-04-27T05:16:58+02:00 RESULT session=3lmu9e6ommahdvgqratluh8upq email=richvioleta16@gmail.com user_found=1 is_hashed=1 valid=0
2026-04-27T05:17:05+02:00 ATTEMPT session=3lmu9e6ommahdvgqratluh8upq email=richvioleta16@gmail.com
2026-04-27T05:17:05+02:00 RESULT session=3lmu9e6ommahdvgqratluh8upq email=richvioleta16@gmail.com user_found=1 is_hashed=1 valid=1
2026-04-27T07:25:38+02:00 ATTEMPT session=9mtim1qu5ras3uusnhtfip3vsp email=richvioleta16@gmail.com
2026-04-27T07:25:38+02:00 RESULT session=9mtim1qu5ras3uusnhtfip3vsp email=richvioleta16@gmail.com user_found=1 is_hashed=1 valid=1
2026-04-27T08:41:54+02:00 ATTEMPT session=r63nrg2qs5k83v5rsq3ugkmrlg email=richellemik16@gmail.com
2026-04-27T08:41:54+02:00 RESULT session=r63nrg2qs5k83v5rsq3ugkmrlg email=richellemik16@gmail.com user_found=1 is_hashed=1 valid=0
2026-04-27T08:42:08+02:00 ATTEMPT session=r63nrg2qs5k83v5rsq3ugkmrlg email=richellemik16@gmail.com
2026-04-27T08:42:08+02:00 RESULT session=r63nrg2qs5k83v5rsq3ugkmrlg email=richellemik16@gmail.com user_found=1 is_hashed=1 valid=1
2026-04-27T08:42:24+02:00 ATTEMPT session=0auolidk40tdap2qbuk53a1c15 email=richvioleta16@gmail.com
2026-04-27T08:42:25+02:00 RESULT session=0auolidk40tdap2qbuk53a1c15 email=richvioleta16@gmail.com user_found=1 is_hashed=1 valid=1
2026-05-08T17:04:53+02:00 ATTEMPT session=ko6j2a61lrmtlvng98ckvl528m email=richellemik16@gmail.com
2026-05-08T17:04:53+02:00 RESULT session=ko6j2a61lrmtlvng98ckvl528m email=richellemik16@gmail.com user_found=1 is_hashed=1 valid=0
2026-05-08T17:05:15+02:00 ATTEMPT session=ko6j2a61lrmtlvng98ckvl528m email=richvioleta16@gmail.com
2026-05-08T17:05:15+02:00 RESULT session=ko6j2a61lrmtlvng98ckvl528m email=richvioleta16@gmail.com user_found=1 is_hashed=1 valid=0
2026-05-08T17:05:55+02:00 ATTEMPT session=ko6j2a61lrmtlvng98ckvl528m email=richvioleta16@gmail.com
2026-05-08T17:05:55+02:00 RESULT session=ko6j2a61lrmtlvng98ckvl528m email=richvioleta16@gmail.com user_found=1 is_hashed=1 valid=1
2026-05-08T17:17:32+02:00 ATTEMPT session=1rb2sq663ctlpcat1k6k826sqs email=richellemik16@gmail.com
2026-05-08T17:17:32+02:00 RESULT session=1rb2sq663ctlpcat1k6k826sqs email=richellemik16@gmail.com user_found=1 is_hashed=1 valid=0
2026-05-08T17:17:41+02:00 ATTEMPT session=1rb2sq663ctlpcat1k6k826sqs email=richellemik16@gmail.com
2026-05-08T17:17:41+02:00 RESULT session=1rb2sq663ctlpcat1k6k826sqs email=richellemik16@gmail.com user_found=1 is_hashed=1 valid=1
2026-05-08T17:20:26+02:00 ATTEMPT session=nod6pq78ffq8ib8fcmg6m66gna email=richellemik16@gmail.com
2026-05-08T17:20:26+02:00 RESULT session=nod6pq78ffq8ib8fcmg6m66gna email=richellemik16@gmail.com user_found=1 is_hashed=1 valid=0
2026-05-08T17:22:27+02:00 ATTEMPT session=nod6pq78ffq8ib8fcmg6m66gna email=richellemik16@gmail.com
2026-05-08T17:22:27+02:00 RESULT session=nod6pq78ffq8ib8fcmg6m66gna email=richellemik16@gmail.com user_found=1 is_hashed=1 valid=0
2026-05-08T17:22:41+02:00 ATTEMPT session=nod6pq78ffq8ib8fcmg6m66gna email=richellemik16@gmail.com
2026-05-08T17:22:41+02:00 RESULT session=nod6pq78ffq8ib8fcmg6m66gna email=richellemik16@gmail.com user_found=1 is_hashed=1 valid=1
2026-05-08T17:25:21+02:00 ATTEMPT session=srvq06f3iesdp82ibr7bdbva11 email=richellemik16@gmail.com
2026-05-08T17:25:21+02:00 RESULT session=srvq06f3iesdp82ibr7bdbva11 email=richellemik16@gmail.com user_found=1 is_hashed=1 valid=1
2026-05-10T13:51:16+02:00 ATTEMPT session=uuo1befbo4j51kggosk189k3mt email=richellemik16@gmail.com
2026-05-10T13:51:16+02:00 RESULT session=uuo1befbo4j51kggosk189k3mt email=richellemik16@gmail.com user_found=1 is_hashed=1 valid=1
